<?xml version="1.0" encoding="UTF-8"?>
<!-- Generated by org.testng.reporters.JUnitReportReporter -->
<testsuite skipped="0" hostname="DESKTOP-8DUI1RP" name="test.Login_test" tests="1" failures="0" timestamp="16 Jul 2019 10:54:40 GMT" time="7.866" errors="0">
  <testcase name="Logintest" time="7.866" classname="test.Login_test"/>
</testsuite> <!-- test.Login_test -->
